INFO  [2016-09-12 08:42:04,748] org.eclipse.jetty.util.log: Logging initialized @1705ms
INFO  [2016-09-12 08:42:04,858] io.dropwizard.server.DefaultServerFactory: Registering jersey handler with root path prefix: /
INFO  [2016-09-12 08:42:04,858] io.dropwizard.server.DefaultServerFactory: Registering admin handler with root path prefix: /
INFO  [2016-09-12 08:42:04,860] com.example.HelloWorldApplication: Start hello-world app
INFO  [2016-09-12 08:42:04,863] io.dropwizard.server.DefaultServerFactory: Registering jersey handler with root path prefix: /
INFO  [2016-09-12 08:42:04,863] io.dropwizard.server.DefaultServerFactory: Registering admin handler with root path prefix: /
INFO  [2016-09-12 08:42:04,870] io.dropwizard.server.ServerFactory: Starting HelloWorld
================================================================================

                              HelloWorld

================================================================================


ERROR [2016-09-12 08:42:05,000] io.dropwizard.cli.ServerCommand: Unable to start server, shutting down
! java.net.BindException: Address already in use
! at sun.nio.ch.Net.bind0(Native Method)
! at sun.nio.ch.Net.bind(Net.java:433)
! at sun.nio.ch.Net.bind(Net.java:425)
! at sun.nio.ch.ServerSocketChannelImpl.bind(ServerSocketChannelImpl.java:223)
! at sun.nio.ch.ServerSocketAdaptor.bind(ServerSocketAdaptor.java:74)
! at org.eclipse.jetty.server.ServerConnector.open(ServerConnector.java:317)
! at org.eclipse.jetty.setuid.SetUIDListener.lifeCycleStarting(SetUIDListener.java:200)
! ... 37 common frames omitted
! Causing: java.lang.RuntimeException: java.net.BindException: Address already in use
! at org.eclipse.jetty.setuid.SetUIDListener.lifeCycleStarting(SetUIDListener.java:213)
! at org.eclipse.jetty.util.component.AbstractLifeCycle.setStarting(AbstractLifeCycle.java:188)
! at org.eclipse.jetty.util.component.AbstractLifeCycle.start(AbstractLifeCycle.java:67)
! at io.dropwizard.cli.ServerCommand.run(ServerCommand.java:53)
! at io.dropwizard.cli.EnvironmentCommand.run(EnvironmentCommand.java:44)
! at io.dropwizard.cli.ConfiguredCommand.run(ConfiguredCommand.java:85)
! at io.dropwizard.testing.DropwizardTestSupport.startIfRequired(DropwizardTestSupport.java:194)
! at io.dropwizard.testing.DropwizardTestSupport.before(DropwizardTestSupport.java:112)
! at io.dropwizard.testing.junit.DropwizardAppRule.before(DropwizardAppRule.java:128)
! at org.junit.rules.ExternalResource$1.evaluate(ExternalResource.java:46)
! at org.junit.rules.RunRules.evaluate(RunRules.java:20)
! at org.junit.runners.ParentRunner.runLeaf(ParentRunner.java:271)
! at org.junit.runners.BlockJUnit4ClassRunner.runChild(BlockJUnit4ClassRunner.java:70)
! at org.junit.runners.BlockJUnit4ClassRunner.runChild(BlockJUnit4ClassRunner.java:50)
! at org.junit.runners.ParentRunner$3.run(ParentRunner.java:238)
! at org.junit.runners.ParentRunner$1.schedule(ParentRunner.java:63)
! at org.junit.runners.ParentRunner.runChildren(ParentRunner.java:236)
! at org.junit.runners.ParentRunner.access$000(ParentRunner.java:53)
! at org.junit.runners.ParentRunner$2.evaluate(ParentRunner.java:229)
! at org.junit.runners.ParentRunner.run(ParentRunner.java:309)
! at org.junit.runners.Suite.runChild(Suite.java:127)
! at org.junit.runners.Suite.runChild(Suite.java:26)
! at org.junit.runners.ParentRunner$3.run(ParentRunner.java:238)
! at org.junit.runners.ParentRunner$1.schedule(ParentRunner.java:63)
! at org.junit.runners.ParentRunner.runChildren(ParentRunner.java:236)
! at org.junit.runners.ParentRunner.access$000(ParentRunner.java:53)
! at org.junit.runners.ParentRunner$2.evaluate(ParentRunner.java:229)
! at org.junit.runners.ParentRunner.run(ParentRunner.java:309)
! at org.junit.runner.JUnitCore.run(JUnitCore.java:160)
! at com.intellij.junit4.JUnit4IdeaTestRunner.startRunnerWithArgs(JUnit4IdeaTestRunner.java:117)
! at com.intellij.junit4.JUnit4IdeaTestRunner.startRunnerWithArgs(JUnit4IdeaTestRunner.java:42)
! at com.intellij.rt.execution.junit.JUnitStarter.prepareStreamsAndStart(JUnitStarter.java:262)
! at com.intellij.rt.execution.junit.JUnitStarter.main(JUnitStarter.java:84)
! at sun.reflect.NativeMethodAccessorImpl.invoke0(Native Method)
! at sun.reflect.NativeMethodAccessorImpl.invoke(NativeMethodAccessorImpl.java:62)
! at sun.reflect.DelegatingMethodAccessorImpl.invoke(DelegatingMethodAccessorImpl.java:43)
! at java.lang.reflect.Method.invoke(Method.java:498)
! at com.intellij.rt.execution.application.AppMain.main(AppMain.java:147)
INFO  [2016-09-12 08:43:38,638] org.eclipse.jetty.util.log: Logging initialized @1241ms
INFO  [2016-09-12 08:43:38,712] io.dropwizard.server.DefaultServerFactory: Registering jersey handler with root path prefix: /
INFO  [2016-09-12 08:43:38,712] io.dropwizard.server.DefaultServerFactory: Registering admin handler with root path prefix: /
INFO  [2016-09-12 08:43:38,713] com.example.HelloWorldApplication: Start hello-world app
INFO  [2016-09-12 08:43:38,717] io.dropwizard.server.DefaultServerFactory: Registering jersey handler with root path prefix: /
INFO  [2016-09-12 08:43:38,717] io.dropwizard.server.DefaultServerFactory: Registering admin handler with root path prefix: /
INFO  [2016-09-12 08:43:38,722] io.dropwizard.server.ServerFactory: Starting HelloWorld
================================================================================

                              HelloWorld

================================================================================


ERROR [2016-09-12 08:43:38,840] io.dropwizard.cli.ServerCommand: Unable to start server, shutting down
! java.net.BindException: Address already in use
! at sun.nio.ch.Net.bind0(Native Method)
! at sun.nio.ch.Net.bind(Net.java:433)
! at sun.nio.ch.Net.bind(Net.java:425)
! at sun.nio.ch.ServerSocketChannelImpl.bind(ServerSocketChannelImpl.java:223)
! at sun.nio.ch.ServerSocketAdaptor.bind(ServerSocketAdaptor.java:74)
! at org.eclipse.jetty.server.ServerConnector.open(ServerConnector.java:317)
! at org.eclipse.jetty.setuid.SetUIDListener.lifeCycleStarting(SetUIDListener.java:200)
! ... 37 common frames omitted
! Causing: java.lang.RuntimeException: java.net.BindException: Address already in use
! at org.eclipse.jetty.setuid.SetUIDListener.lifeCycleStarting(SetUIDListener.java:213)
! at org.eclipse.jetty.util.component.AbstractLifeCycle.setStarting(AbstractLifeCycle.java:188)
! at org.eclipse.jetty.util.component.AbstractLifeCycle.start(AbstractLifeCycle.java:67)
! at io.dropwizard.cli.ServerCommand.run(ServerCommand.java:53)
! at io.dropwizard.cli.EnvironmentCommand.run(EnvironmentCommand.java:44)
! at io.dropwizard.cli.ConfiguredCommand.run(ConfiguredCommand.java:85)
! at io.dropwizard.testing.DropwizardTestSupport.startIfRequired(DropwizardTestSupport.java:194)
! at io.dropwizard.testing.DropwizardTestSupport.before(DropwizardTestSupport.java:112)
! at io.dropwizard.testing.junit.DropwizardAppRule.before(DropwizardAppRule.java:128)
! at org.junit.rules.ExternalResource$1.evaluate(ExternalResource.java:46)
! at org.junit.rules.RunRules.evaluate(RunRules.java:20)
! at org.junit.runners.ParentRunner.runLeaf(ParentRunner.java:271)
! at org.junit.runners.BlockJUnit4ClassRunner.runChild(BlockJUnit4ClassRunner.java:70)
! at org.junit.runners.BlockJUnit4ClassRunner.runChild(BlockJUnit4ClassRunner.java:50)
! at org.junit.runners.ParentRunner$3.run(ParentRunner.java:238)
! at org.junit.runners.ParentRunner$1.schedule(ParentRunner.java:63)
! at org.junit.runners.ParentRunner.runChildren(ParentRunner.java:236)
! at org.junit.runners.ParentRunner.access$000(ParentRunner.java:53)
! at org.junit.runners.ParentRunner$2.evaluate(ParentRunner.java:229)
! at org.junit.runners.ParentRunner.run(ParentRunner.java:309)
! at org.junit.runners.Suite.runChild(Suite.java:127)
! at org.junit.runners.Suite.runChild(Suite.java:26)
! at org.junit.runners.ParentRunner$3.run(ParentRunner.java:238)
! at org.junit.runners.ParentRunner$1.schedule(ParentRunner.java:63)
! at org.junit.runners.ParentRunner.runChildren(ParentRunner.java:236)
! at org.junit.runners.ParentRunner.access$000(ParentRunner.java:53)
! at org.junit.runners.ParentRunner$2.evaluate(ParentRunner.java:229)
! at org.junit.runners.ParentRunner.run(ParentRunner.java:309)
! at org.junit.runner.JUnitCore.run(JUnitCore.java:160)
! at com.intellij.junit4.JUnit4IdeaTestRunner.startRunnerWithArgs(JUnit4IdeaTestRunner.java:117)
! at com.intellij.junit4.JUnit4IdeaTestRunner.startRunnerWithArgs(JUnit4IdeaTestRunner.java:42)
! at com.intellij.rt.execution.junit.JUnitStarter.prepareStreamsAndStart(JUnitStarter.java:262)
! at com.intellij.rt.execution.junit.JUnitStarter.main(JUnitStarter.java:84)
! at sun.reflect.NativeMethodAccessorImpl.invoke0(Native Method)
! at sun.reflect.NativeMethodAccessorImpl.invoke(NativeMethodAccessorImpl.java:62)
! at sun.reflect.DelegatingMethodAccessorImpl.invoke(DelegatingMethodAccessorImpl.java:43)
! at java.lang.reflect.Method.invoke(Method.java:498)
! at com.intellij.rt.execution.application.AppMain.main(AppMain.java:147)
